[debug] [2022-11-13T02:44:46.136Z] ----------------------------------------------------------------------
[debug] [2022-11-13T02:44:46.138Z] Command:       C:\Program Files\nodejs\node.exe C:\Users\thien\AppData\Roaming\npm\node_modules\firebase-tools\lib\bin\firebase.js init hosting
[debug] [2022-11-13T02:44:46.138Z] CLI Version:   11.16.0
[debug] [2022-11-13T02:44:46.138Z] Platform:      win32
[debug] [2022-11-13T02:44:46.139Z] Node Version:  v18.12.1
[debug] [2022-11-13T02:44:46.139Z] Time:          Sun Nov 13 2022 09:44:46 GMT+0700 (Indochina Time)
[debug] [2022-11-13T02:44:46.139Z] ----------------------------------------------------------------------
[debug] 
[debug] [2022-11-13T02:44:46.197Z] > command requires scopes: ["email","openid","https://www.googleapis.com/auth/cloudplatformprojects.readonly","https://www.googleapis.com/auth/firebase","https://www.googleapis.com/auth/cloud-platform"]
[debug] [2022-11-13T02:44:46.198Z] > authorizing via signed-in user (thien06012001@gmail.com)
[info] 
     ######## #### ########  ######## ########     ###     ######  ########
     ##        ##  ##     ## ##       ##     ##  ##   ##  ##       ##
     ######    ##  ########  ######   ########  #########  ######  ######
     ##        ##  ##    ##  ##       ##     ## ##     ##       ## ##
     ##       #### ##     ## ######## ########  ##     ##  ######  ########

You're about to initialize a Firebase project in this directory:

  E:\Intro to IT\healthy

Before we get started, keep in mind:

  * You are initializing within an existing Firebase project directory

[info] 
=== Project Setup
[info] 
[info] First, let's associate this project directory with a Firebase project.
[info] You can create multiple project aliases by running firebase use --add, 
[info] but for now we'll just set up a default project.
[info] 
[debug] [2022-11-13T02:44:55.080Z] Using project from CLI flag: sign-form-d586a
[debug] [2022-11-13T02:44:55.083Z] >>> [apiv2][query] GET https://firebase.googleapis.com/v1beta1/projects/sign-form-d586a [none]
[debug] [2022-11-13T02:44:55.523Z] <<< [apiv2][status] GET https://firebase.googleapis.com/v1beta1/projects/sign-form-d586a 200
[debug] [2022-11-13T02:44:55.523Z] <<< [apiv2][body] GET https://firebase.googleapis.com/v1beta1/projects/sign-form-d586a {"projectId":"sign-form-d586a","projectNumber":"375280782530","displayName":"Sign-form","name":"projects/sign-form-d586a","resources":{"hostingSite":"sign-form-d586a"},"state":"ACTIVE","etag":"1_a415226d-1b85-467a-ab41-0f8e9f1b1927"}
[info] i  Using project sign-form-d586a (Sign-form) 
[info] 
=== Hosting Setup
[info] 
[info] Your public directory is the folder (relative to your project directory) that
[info] will contain Hosting assets to be uploaded with firebase deploy. If you
[info] have a build process for your assets, use your build's output directory.
[info] 
[debug] [2022-11-13T02:45:52.848Z] >>> [apiv2][query] GET https://www.gstatic.com/firebasejs/releases.json [none]
[debug] [2022-11-13T02:45:53.060Z] <<< [apiv2][status] GET https://www.gstatic.com/firebasejs/releases.json 200
[debug] [2022-11-13T02:45:53.060Z] <<< [apiv2][body] GET https://www.gstatic.com/firebasejs/releases.json {"current":{"version":"9.14.0","browserURL":"https://www.gstatic.com/firebasejs/9.14.0/firebase.js","packageURL":"https://www.gstatic.com/firebasejs/9.14.0/firebase.tgz"},"live":{"version":"9.14","browserURL":"https://www.gstatic.com/firebasejs/live/9.14/firebase.js","packageURL":"https://www.gstatic.com/firebasejs/live/9.14/firebase.tgz"},"components":{"analytics":"https://www.gstatic.com/firebasejs/9.14.0/firebase-analytics.js","app":"https://www.gstatic.com/firebasejs/9.14.0/firebase-app.js","app-check":"https://www.gstatic.com/firebasejs/9.14.0/firebase-app-check.js","auth":"https://www.gstatic.com/firebasejs/9.14.0/firebase-auth.js","auth/cordova":"https://www.gstatic.com/firebasejs/9.14.0/firebase-auth/cordova.js","auth/react-native":"https://www.gstatic.com/firebasejs/9.14.0/firebase-auth/react-native.js","functions":"https://www.gstatic.com/firebasejs/9.14.0/firebase-functions.js","firestore":"https://www.gstatic.com/firebasejs/9.14.0/firebase-firestore.js","firestore/lite":"https://www.gstatic.com/firebasejs/9.14.0/firebase-firestore/lite.js","installations":"https://www.gstatic.com/firebasejs/9.14.0/firebase-installations.js","storage":"https://www.gstatic.com/firebasejs/9.14.0/firebase-storage.js","performance":"https://www.gstatic.com/firebasejs/9.14.0/firebase-performance.js","remote-config":"https://www.gstatic.com/firebasejs/9.14.0/firebase-remote-config.js","messaging":"https://www.gstatic.com/firebasejs/9.14.0/firebase-messaging.js","messaging/sw":"https://www.gstatic.com/firebasejs/9.14.0/firebase-messaging/sw.js","database":"https://www.gstatic.com/firebasejs/9.14.0/firebase-database.js","firestore.memory":"https://www.gstatic.com/firebasejs/9.14.0/firebase-firestore.memory.js"}}
[info] +  Wrote build/index.html 
[info] 
[info] i  Detected a .git folder at E:\Intro to IT\healthy 
[info] i  Authorizing with GitHub to upload your service account to a GitHub repository's secrets store. 
[info] 
[info] Visit this URL on this device to log in:
[info] https://github.com/login/oauth/authorize?client_id=89cf50f02ac6aaed3484&state=120533607&redirect_uri=http%3A%2F%2Flocalhost%3A9005&scope=read%3Auser%20repo%20public_repo
[info] 
[info] Waiting for authentication...
[debug] [2022-11-13T02:46:03.453Z] >>> [apiv2][query] POST https://github.com/login/oauth/access_token [none]
[debug] [2022-11-13T02:46:03.453Z] >>> [apiv2][body] POST https://github.com/login/oauth/access_token [stream]
[debug] [2022-11-13T02:46:03.905Z] <<< [apiv2][status] POST https://github.com/login/oauth/access_token 200
[debug] [2022-11-13T02:46:03.905Z] <<< [apiv2][body] POST https://github.com/login/oauth/access_token {"access_token":"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","token_type":"bearer","scope":"read:user,repo"}
[debug] [2022-11-13T02:46:03.909Z] >>> [apiv2][query] GET https://api.github.com/user [none]
[debug] [2022-11-13T02:46:04.347Z] <<< [apiv2][status] GET https://api.github.com/user 200
[debug] [2022-11-13T02:46:04.347Z] <<< [apiv2][body] GET https://api.github.com/user {"login":"thien06012001","id":75249824,"node_id":"MDQ6VXNlcjc1MjQ5ODI0","avatar_url":"https://avatars.githubusercontent.com/u/75249824?v=4","gravatar_id":"","url":"https://api.github.com/users/thien06012001","html_url":"https://github.com/thien06012001","followers_url":"https://api.github.com/users/thien06012001/followers","following_url":"https://api.github.com/users/thien06012001/following{/other_user}","gists_url":"https://api.github.com/users/thien06012001/gists{/gist_id}","starred_url":"https://api.github.com/users/thien06012001/starred{/owner}{/repo}","subscriptions_url":"https://api.github.com/users/thien06012001/subscriptions","organizations_url":"https://api.github.com/users/thien06012001/orgs","repos_url":"https://api.github.com/users/thien06012001/repos","events_url":"https://api.github.com/users/thien06012001/events{/privacy}","received_events_url":"https://api.github.com/users/thien06012001/received_events","type":"User","site_admin":false,"name":null,"company":null,"blog":"","location":null,"email":null,"hireable":null,"bio":null,"twitter_username":null,"public_repos":1,"public_gists":0,"followers":0,"following":0,"created_at":"2020-11-30T10:27:28Z","updated_at":"2022-11-08T14:15:19Z","private_gists":0,"total_private_repos":1,"owned_private_repos":1,"disk_usage":19448,"collaborators":0,"two_factor_authentication":false,"plan":{"name":"free","space":976562499,"collaborators":0,"private_repos":10000}}
[info] 
[info] +  Success! Logged into GitHub as thien06012001 
[info] 
